f:\programming\программы\c++\mandelbrotfractalcalculation\x64\debug\cpuc++.lib
f:\programming\программы\c++\mandelbrotfractalcalculation\x64\debug\cpuc++.exp
f:\programming\программы\c++\mandelbrotfractalcalculation\cpuc++\x64\debug\cpufractalcalc.obj
f:\programming\программы\c++\mandelbrotfractalcalculation\cpuc++\x64\debug\vc140.pdb
c:\users\artem\appdata\local\temp\lnk{09779c47-ec1b-48a7-8a91-af3956c547b8}.tmp
f:\programming\программы\c++\mandelbrotfractalcalculation\x64\debug\cpuc++.ilk
f:\programming\программы\c++\mandelbrotfractalcalculation\x64\debug\cpuc++.dll
f:\programming\программы\c++\mandelbrotfractalcalculation\x64\debug\cpuc++.pdb
f:\programming\программы\c++\mandelbrotfractalcalculation\cpuc++\x64\debug\cpuc++.tlog\cpuc++.write.1u.tlog
f:\programming\программы\c++\mandelbrotfractalcalculation\cpuc++\x64\debug\cpuc++.tlog\icl-mcpcom.read.1.tlog
f:\programming\программы\c++\mandelbrotfractalcalculation\cpuc++\x64\debug\cpuc++.tlog\icl-mcpcom.write.1.tlog
f:\programming\программы\c++\mandelbrotfractalcalculation\cpuc++\x64\debug\cpuc++.tlog\icl.command.1.tlog
f:\programming\программы\c++\mandelbrotfractalcalculation\cpuc++\x64\debug\cpuc++.tlog\icl.read.1.tlog
f:\programming\программы\c++\mandelbrotfractalcalculation\cpuc++\x64\debug\cpuc++.tlog\icl.write.1.tlog
f:\programming\программы\c++\mandelbrotfractalcalculation\cpuc++\x64\debug\cpuc++.tlog\xilink-link-cvtres.read.1.tlog
f:\programming\программы\c++\mandelbrotfractalcalculation\cpuc++\x64\debug\cpuc++.tlog\xilink-link-cvtres.write.1.tlog
f:\programming\программы\c++\mandelbrotfractalcalculation\cpuc++\x64\debug\cpuc++.tlog\xilink-link-rc.read.1.tlog
f:\programming\программы\c++\mandelbrotfractalcalculation\cpuc++\x64\debug\cpuc++.tlog\xilink-link-rc.write.1.tlog
f:\programming\программы\c++\mandelbrotfractalcalculation\cpuc++\x64\debug\cpuc++.tlog\xilink-link.read.1.tlog
f:\programming\программы\c++\mandelbrotfractalcalculation\cpuc++\x64\debug\cpuc++.tlog\xilink-link.read.2.tlog
f:\programming\программы\c++\mandelbrotfractalcalculation\cpuc++\x64\debug\cpuc++.tlog\xilink-link.write.1.tlog
f:\programming\программы\c++\mandelbrotfractalcalculation\cpuc++\x64\debug\cpuc++.tlog\xilink-mcpcom.read.1.tlog
f:\programming\программы\c++\mandelbrotfractalcalculation\cpuc++\x64\debug\cpuc++.tlog\xilink-mcpcom.write.1.tlog
f:\programming\программы\c++\mandelbrotfractalcalculation\cpuc++\x64\debug\cpuc++.tlog\xilink.command.1.tlog
f:\programming\программы\c++\mandelbrotfractalcalculation\cpuc++\x64\debug\cpuc++.tlog\xilink.read.1.tlog
f:\programming\программы\c++\mandelbrotfractalcalculation\cpuc++\x64\debug\cpuc++.tlog\xilink.write.1.tlog
