f:\programming\программы\c++\mandelbrotfractalcalculation\release\cpuc++.lib
f:\programming\программы\c++\mandelbrotfractalcalculation\release\cpuc++.exp
c:\users\artem\appdata\local\temp\irmagent.log
f:\programming\программы\c++\mandelbrotfractalcalculation\cpuc++\release\cpufractalcalc.obj
c:\users\artem\appdata\local\temp\lnk{b063d4e6-6341-4acc-bc14-9164bc0e32df}.tmp
f:\programming\программы\c++\mandelbrotfractalcalculation\release\cpuc++.dll
f:\programming\программы\c++\mandelbrotfractalcalculation\release\cpuc++.pdb
f:\programming\программы\c++\mandelbrotfractalcalculation\cpuc++\release\cpuc++.tlog\cpuc++.write.1u.tlog
f:\programming\программы\c++\mandelbrotfractalcalculation\cpuc++\release\cpuc++.tlog\icl-intelremotemonserver-intelremotemonagent-intelremotemonagent2.read.1.tlog
f:\programming\программы\c++\mandelbrotfractalcalculation\cpuc++\release\cpuc++.tlog\icl-intelremotemonserver-intelremotemonagent-intelremotemonagent2.read.7.tlog
f:\programming\программы\c++\mandelbrotfractalcalculation\cpuc++\release\cpuc++.tlog\icl-intelremotemonserver-intelremotemonagent-intelremotemonagent2.write.1.tlog
f:\programming\программы\c++\mandelbrotfractalcalculation\cpuc++\release\cpuc++.tlog\icl-intelremotemonserver-intelremotemonagent.read.1.tlog
f:\programming\программы\c++\mandelbrotfractalcalculation\cpuc++\release\cpuc++.tlog\icl-intelremotemonserver-intelremotemonagent.read.2.tlog
f:\programming\программы\c++\mandelbrotfractalcalculation\cpuc++\release\cpuc++.tlog\icl-intelremotemonserver-intelremotemonagent.write.2.tlog
f:\programming\программы\c++\mandelbrotfractalcalculation\cpuc++\release\cpuc++.tlog\icl-intelremotemonserver.read.1.tlog
f:\programming\программы\c++\mandelbrotfractalcalculation\cpuc++\release\cpuc++.tlog\icl-intelremotemonserver.read.2.tlog
f:\programming\программы\c++\mandelbrotfractalcalculation\cpuc++\release\cpuc++.tlog\icl-intelremotemonserver.read.4.tlog
f:\programming\программы\c++\mandelbrotfractalcalculation\cpuc++\release\cpuc++.tlog\icl-intelremotemonserver.write.2.tlog
f:\programming\программы\c++\mandelbrotfractalcalculation\cpuc++\release\cpuc++.tlog\icl-intelremotemonserver.write.4.tlog
f:\programming\программы\c++\mandelbrotfractalcalculation\cpuc++\release\cpuc++.tlog\icl-mcpcom.read.1.tlog
f:\programming\программы\c++\mandelbrotfractalcalculation\cpuc++\release\cpuc++.tlog\icl-mcpcom.write.1.tlog
f:\programming\программы\c++\mandelbrotfractalcalculation\cpuc++\release\cpuc++.tlog\icl.command.1.tlog
f:\programming\программы\c++\mandelbrotfractalcalculation\cpuc++\release\cpuc++.tlog\icl.read.1.tlog
f:\programming\программы\c++\mandelbrotfractalcalculation\cpuc++\release\cpuc++.tlog\icl.write.1.tlog
f:\programming\программы\c++\mandelbrotfractalcalculation\cpuc++\release\cpuc++.tlog\xilink-link-cvtres.read.1.tlog
f:\programming\программы\c++\mandelbrotfractalcalculation\cpuc++\release\cpuc++.tlog\xilink-link-cvtres.write.1.tlog
f:\programming\программы\c++\mandelbrotfractalcalculation\cpuc++\release\cpuc++.tlog\xilink-link-rc.read.1.tlog
f:\programming\программы\c++\mandelbrotfractalcalculation\cpuc++\release\cpuc++.tlog\xilink-link-rc.write.1.tlog
f:\programming\программы\c++\mandelbrotfractalcalculation\cpuc++\release\cpuc++.tlog\xilink-link.read.1.tlog
f:\programming\программы\c++\mandelbrotfractalcalculation\cpuc++\release\cpuc++.tlog\xilink-link.write.1.tlog
f:\programming\программы\c++\mandelbrotfractalcalculation\cpuc++\release\cpuc++.tlog\xilink-mcpcom.read.1.tlog
f:\programming\программы\c++\mandelbrotfractalcalculation\cpuc++\release\cpuc++.tlog\xilink-mcpcom.write.1.tlog
f:\programming\программы\c++\mandelbrotfractalcalculation\cpuc++\release\cpuc++.tlog\xilink.command.1.tlog
f:\programming\программы\c++\mandelbrotfractalcalculation\cpuc++\release\cpuc++.tlog\xilink.read.1.tlog
f:\programming\программы\c++\mandelbrotfractalcalculation\cpuc++\release\cpuc++.tlog\xilink.write.1.tlog
