f:\programming\программы\c++\mandelbrotfractalcalculation\release\cpufractalcalc.lib
f:\programming\программы\c++\mandelbrotfractalcalculation\release\cpufractalcalc.exp
f:\programming\программы\c++\mandelbrotfractalcalculation\cpuc++\release\cpufractalcalc.obj
c:\users\artem\appdata\local\temp\lnk{85803e79-e5c9-4012-89b4-b9c83a34b6b0}.tmp
f:\programming\программы\c++\mandelbrotfractalcalculation\release\cpufractalcalc.dll
f:\programming\программы\c++\mandelbrotfractalcalculation\release\cpufractalcalc.pdb
f:\programming\программы\c++\mandelbrotfractalcalculation\cpuc++\release\cpuc++.tlog\cpuc++.write.1u.tlog
f:\programming\программы\c++\mandelbrotfractalcalculation\cpuc++\release\cpuc++.tlog\icl-mcpcom.read.1.tlog
f:\programming\программы\c++\mandelbrotfractalcalculation\cpuc++\release\cpuc++.tlog\icl-mcpcom.write.1.tlog
f:\programming\программы\c++\mandelbrotfractalcalculation\cpuc++\release\cpuc++.tlog\icl.command.1.tlog
f:\programming\программы\c++\mandelbrotfractalcalculation\cpuc++\release\cpuc++.tlog\icl.read.1.tlog
f:\programming\программы\c++\mandelbrotfractalcalculation\cpuc++\release\cpuc++.tlog\icl.write.1.tlog
f:\programming\программы\c++\mandelbrotfractalcalculation\cpuc++\release\cpuc++.tlog\xilink-link-cvtres.read.1.tlog
f:\programming\программы\c++\mandelbrotfractalcalculation\cpuc++\release\cpuc++.tlog\xilink-link-cvtres.write.1.tlog
f:\programming\программы\c++\mandelbrotfractalcalculation\cpuc++\release\cpuc++.tlog\xilink-link-rc.read.1.tlog
f:\programming\программы\c++\mandelbrotfractalcalculation\cpuc++\release\cpuc++.tlog\xilink-link-rc.write.1.tlog
f:\programming\программы\c++\mandelbrotfractalcalculation\cpuc++\release\cpuc++.tlog\xilink-link.read.1.tlog
f:\programming\программы\c++\mandelbrotfractalcalculation\cpuc++\release\cpuc++.tlog\xilink-link.write.1.tlog
f:\programming\программы\c++\mandelbrotfractalcalculation\cpuc++\release\cpuc++.tlog\xilink-mcpcom.read.1.tlog
f:\programming\программы\c++\mandelbrotfractalcalculation\cpuc++\release\cpuc++.tlog\xilink-mcpcom.write.1.tlog
f:\programming\программы\c++\mandelbrotfractalcalculation\cpuc++\release\cpuc++.tlog\xilink.command.1.tlog
f:\programming\программы\c++\mandelbrotfractalcalculation\cpuc++\release\cpuc++.tlog\xilink.read.1.tlog
f:\programming\программы\c++\mandelbrotfractalcalculation\cpuc++\release\cpuc++.tlog\xilink.write.1.tlog
