f:\programming\программы\c++\mandelbrotfractalcalculation\x64\release\cpufractalcalc.lib
f:\programming\программы\c++\mandelbrotfractalcalculation\x64\release\cpufractalcalc.exp
f:\programming\программы\c++\mandelbrotfractalcalculation\cpuc++\x64\release\cpufractalcalc.obj
c:\users\artem\appdata\local\temp\lnk{ab04ac74-bc64-42de-b79f-d3b03a9ec17d}.tmp
f:\programming\программы\c++\mandelbrotfractalcalculation\x64\release\cpufractalcalc.dll
f:\programming\программы\c++\mandelbrotfractalcalculation\x64\release\cpufractalcalc.pdb
f:\programming\программы\c++\mandelbrotfractalcalculation\cpuc++\x64\release\cpuc++.tlog\cpuc++.write.1u.tlog
f:\programming\программы\c++\mandelbrotfractalcalculation\cpuc++\x64\release\cpuc++.tlog\icl-mcpcom.read.1.tlog
f:\programming\программы\c++\mandelbrotfractalcalculation\cpuc++\x64\release\cpuc++.tlog\icl-mcpcom.write.1.tlog
f:\programming\программы\c++\mandelbrotfractalcalculation\cpuc++\x64\release\cpuc++.tlog\icl.command.1.tlog
f:\programming\программы\c++\mandelbrotfractalcalculation\cpuc++\x64\release\cpuc++.tlog\icl.read.1.tlog
f:\programming\программы\c++\mandelbrotfractalcalculation\cpuc++\x64\release\cpuc++.tlog\icl.write.1.tlog
f:\programming\программы\c++\mandelbrotfractalcalculation\cpuc++\x64\release\cpuc++.tlog\xilink-link-cvtres.read.1.tlog
f:\programming\программы\c++\mandelbrotfractalcalculation\cpuc++\x64\release\cpuc++.tlog\xilink-link-cvtres.write.1.tlog
f:\programming\программы\c++\mandelbrotfractalcalculation\cpuc++\x64\release\cpuc++.tlog\xilink-link-rc.read.1.tlog
f:\programming\программы\c++\mandelbrotfractalcalculation\cpuc++\x64\release\cpuc++.tlog\xilink-link-rc.write.1.tlog
f:\programming\программы\c++\mandelbrotfractalcalculation\cpuc++\x64\release\cpuc++.tlog\xilink-link.read.1.tlog
f:\programming\программы\c++\mandelbrotfractalcalculation\cpuc++\x64\release\cpuc++.tlog\xilink-link.write.1.tlog
f:\programming\программы\c++\mandelbrotfractalcalculation\cpuc++\x64\release\cpuc++.tlog\xilink-mcpcom.read.1.tlog
f:\programming\программы\c++\mandelbrotfractalcalculation\cpuc++\x64\release\cpuc++.tlog\xilink-mcpcom.write.1.tlog
f:\programming\программы\c++\mandelbrotfractalcalculation\cpuc++\x64\release\cpuc++.tlog\xilink.command.1.tlog
f:\programming\программы\c++\mandelbrotfractalcalculation\cpuc++\x64\release\cpuc++.tlog\xilink.read.1.tlog
f:\programming\программы\c++\mandelbrotfractalcalculation\cpuc++\x64\release\cpuc++.tlog\xilink.write.1.tlog
